<?xml version="1.0" encoding="UTF-8"?>
<testng-results skipped="0" failed="0" ignored="0" total="1" passed="1">
  <reporter-output>
  </reporter-output>
  <suite name="Default suite" duration-ms="15919" started-at="2019-03-06T18:06:57Z" finished-at="2019-03-06T18:07:13Z">
    <groups>
    </groups>
    <test name="Default test" duration-ms="15919" started-at="2019-03-06T18:06:57Z" finished-at="2019-03-06T18:07:13Z">
      <class name="com.qa.rest.tests.GetCallBDD">
        <test-method status="PASS" signature="test_numberof()[pri:0, instance:com.qa.rest.tests.GetCallBDD@7dc7cbad]" name="test_numberof" duration-ms="15719" started-at="2019-03-06T18:06:57Z" finished-at="2019-03-06T18:07:13Z">
          <reporter-output>
          </reporter-output>
        </test-method> <!-- test_numberof -->
      </class> <!-- com.qa.rest.tests.GetCallBDD -->
    </test> <!-- Default test -->
  </suite> <!-- Default suite -->
</testng-results>
